<?xml version="1.0" encoding="UTF-8"?>
<testng-results ignored="0" total="2" passed="2" failed="0" skipped="0">
  <reporter-output>
  </reporter-output>
  <suite started-at="2022-08-24T19:58:10 IST" name="Default suite" finished-at="2022-08-24T19:58:33 IST" duration-ms="23116">
    <groups>
    </groups>
    <test started-at="2022-08-24T19:58:10 IST" name="Default test" finished-at="2022-08-24T19:58:33 IST" duration-ms="23116">
      <class name="test.PimTest">
        <test-method is-config="true" signature="launchbrowser()[pri:0, instance:test.PimTest@5e82df6a]" started-at="2022-08-24T19:58:10 IST" name="launchbrowser" finished-at="2022-08-24T19:58:26 IST" duration-ms="16062" status="PASS">
          <reporter-output>
          </reporter-output>
        </test-method> <!-- launchbrowser -->
        <test-method is-config="true" signature="pageObjects()[pri:0, instance:test.PimTest@5e82df6a]" started-at="2022-08-24T19:58:26 IST" name="pageObjects" finished-at="2022-08-24T19:58:26 IST" duration-ms="83" status="PASS">
          <reporter-output>
          </reporter-output>
        </test-method> <!-- pageObjects -->
        <test-method is-config="true" signature="login()[pri:0, instance:test.PimTest@5e82df6a]" started-at="2022-08-24T19:58:26 IST" name="login" finished-at="2022-08-24T19:58:28 IST" duration-ms="1527" status="PASS">
          <reporter-output>
          </reporter-output>
        </test-method> <!-- login -->
        <test-method signature="verifyPimPage()[pri:3, instance:test.PimTest@5e82df6a]" started-at="2022-08-24T19:58:28 IST" name="verifyPimPage" finished-at="2022-08-24T19:58:31 IST" duration-ms="2757" status="PASS">
          <reporter-output>
          </reporter-output>
        </test-method> <!-- verifyPimPage -->
        <test-method signature="verifycheckboxIsSelected()[pri:4, instance:test.PimTest@5e82df6a]" started-at="2022-08-24T19:58:31 IST" name="verifycheckboxIsSelected" finished-at="2022-08-24T19:58:32 IST" duration-ms="1371" status="PASS">
          <reporter-output>
          </reporter-output>
        </test-method> <!-- verifycheckboxIsSelected -->
        <test-method is-config="true" signature="tearDownEnvirnment()[pri:0, instance:test.PimTest@5e82df6a]" started-at="2022-08-24T19:58:32 IST" name="tearDownEnvirnment" finished-at="2022-08-24T19:58:33 IST" duration-ms="1195" status="PASS">
          <reporter-output>
          </reporter-output>
        </test-method> <!-- tearDownEnvirnment -->
      </class> <!-- test.PimTest -->
    </test> <!-- Default test -->
  </suite> <!-- Default suite -->
</testng-results>
